<?xml version="1.0" encoding="UTF-8"?>
<!-- Generated by org.testng.reporters.JUnitReportReporter -->
<testsuite hostname="DESKTOP-370CLL2" failures="0" tests="1" name="com.ElliciumPOC.TestCases.PowerBIDasshBoardVerifyDetailsTest" time="10.744" errors="0" timestamp="2023-06-28T16:40:26 IST" skipped="0">
  <testcase classname="com.ElliciumPOC.TestCases.PowerBIDasshBoardVerifyDetailsTest" name="verifyDetails" time="10.744"/>
  <system-out/>
</testsuite> <!-- com.ElliciumPOC.TestCases.PowerBIDasshBoardVerifyDetailsTest -->
